[2026-07-03 13:43:48] production.ERROR: __VSCODE_LARAVEL_STARTUP_ERROR__: syntax error, unexpected token "<<", expecting end of file {"exception":"[object] (Error(code: 0): __VSCODE_LARAVEL_STARTUP_ERROR__: syntax error, unexpected token \"<<\", expecting end of file at D:/projects/php8/todo-app/vendor/_laravel_ide/discover-5c3cbe5e47b16e6c5fd1967f09c399da.php:33)
[stacktrace]
#0 D:/projects/php8/todo-app/vendor/_laravel_ide/discover-5c3cbe5e47b16e6c5fd1967f09c399da.php(62): LaravelVsCode::startupError(Object(ParseError))
#1 {main}
"} 
[2026-07-03 13:43:49] production.ERROR: __VSCODE_LARAVEL_STARTUP_ERROR__: syntax error, unexpected token "<<", expecting end of file {"exception":"[object] (Error(code: 0): __VSCODE_LARAVEL_STARTUP_ERROR__: syntax error, unexpected token \"<<\", expecting end of file at D:/projects/php8/todo-app/vendor/_laravel_ide/discover-ec2e9975ebf5755f76a162b3dce99361.php:33)
[stacktrace]
#0 D:/projects/php8/todo-app/vendor/_laravel_ide/discover-ec2e9975ebf5755f76a162b3dce99361.php(62): LaravelVsCode::startupError(Object(ParseError))
#1 {main}
"} 
[2026-07-03 13:43:49] production.ERROR: __VSCODE_LARAVEL_STARTUP_ERROR__: syntax error, unexpected token "<<", expecting end of file {"exception":"[object] (Error(code: 0): __VSCODE_LARAVEL_STARTUP_ERROR__: syntax error, unexpected token \"<<\", expecting end of file at D:/projects/php8/todo-app/vendor/_laravel_ide/discover-80bc781b69500326630e3fef7a4fdfeb.php:33)
[stacktrace]
#0 D:/projects/php8/todo-app/vendor/_laravel_ide/discover-80bc781b69500326630e3fef7a4fdfeb.php(62): LaravelVsCode::startupError(Object(ParseError))
#1 {main}
"} 
[2026-07-03 13:43:49] production.ERROR: __VSCODE_LARAVEL_STARTUP_ERROR__: syntax error, unexpected token "<<", expecting end of file {"exception":"[object] (Error(code: 0): __VSCODE_LARAVEL_STARTUP_ERROR__: syntax error, unexpected token \"<<\", expecting end of file at D:/projects/php8/todo-app/vendor/_laravel_ide/discover-31b934f114eabc246b541addb8b458e3.php:33)
[stacktrace]
#0 D:/projects/php8/todo-app/vendor/_laravel_ide/discover-31b934f114eabc246b541addb8b458e3.php(62): LaravelVsCode::startupError(Object(ParseError))
#1 {main}
"} 
[2026-07-03 13:43:49] production.ERROR: __VSCODE_LARAVEL_STARTUP_ERROR__: syntax error, unexpected token "<<", expecting end of file {"exception":"[object] (Error(code: 0): __VSCODE_LARAVEL_STARTUP_ERROR__: syntax error, unexpected token \"<<\", expecting end of file at D:/projects/php8/todo-app/vendor/_laravel_ide/discover-43419e1773d5590e98dcbfc1b7903297.php:33)
[stacktrace]
#0 D:/projects/php8/todo-app/vendor/_laravel_ide/discover-43419e1773d5590e98dcbfc1b7903297.php(62): LaravelVsCode::startupError(Object(ParseError))
#1 {main}
"} 
[2026-07-03 13:43:49] production.ERROR: __VSCODE_LARAVEL_STARTUP_ERROR__: syntax error, unexpected token "<<", expecting end of file {"exception":"[object] (Error(code: 0): __VSCODE_LARAVEL_STARTUP_ERROR__: syntax error, unexpected token \"<<\", expecting end of file at D:/projects/php8/todo-app/vendor/_laravel_ide/discover-6d96201ad95cad12367117063c707ebf.php:33)
[stacktrace]
#0 D:/projects/php8/todo-app/vendor/_laravel_ide/discover-6d96201ad95cad12367117063c707ebf.php(62): LaravelVsCode::startupError(Object(ParseError))
#1 {main}
"} 
[2026-07-03 13:43:49] production.ERROR: __VSCODE_LARAVEL_STARTUP_ERROR__: syntax error, unexpected token "<<", expecting end of file {"exception":"[object] (Error(code: 0): __VSCODE_LARAVEL_STARTUP_ERROR__: syntax error, unexpected token \"<<\", expecting end of file at D:/projects/php8/todo-app/vendor/_laravel_ide/discover-19804082b122017c46bdac205a3a1912.php:33)
[stacktrace]
#0 D:/projects/php8/todo-app/vendor/_laravel_ide/discover-19804082b122017c46bdac205a3a1912.php(62): LaravelVsCode::startupError(Object(ParseError))
#1 {main}
"} 
[2026-07-03 13:43:49] production.ERROR: __VSCODE_LARAVEL_STARTUP_ERROR__: syntax error, unexpected token "<<", expecting end of file {"exception":"[object] (Error(code: 0): __VSCODE_LARAVEL_STARTUP_ERROR__: syntax error, unexpected token \"<<\", expecting end of file at D:/projects/php8/todo-app/vendor/_laravel_ide/discover-4dd8aa2c89a79640c26a5af93ae899b1.php:33)
[stacktrace]
#0 D:/projects/php8/todo-app/vendor/_laravel_ide/discover-4dd8aa2c89a79640c26a5af93ae899b1.php(62): LaravelVsCode::startupError(Object(ParseError))
#1 {main}
"} 
[2026-07-03 13:43:49] production.ERROR: __VSCODE_LARAVEL_STARTUP_ERROR__: syntax error, unexpected token "<<", expecting end of file {"exception":"[object] (Error(code: 0): __VSCODE_LARAVEL_STARTUP_ERROR__: syntax error, unexpected token \"<<\", expecting end of file at D:/projects/php8/todo-app/vendor/_laravel_ide/discover-f5442aeac73a6a9021bd7ce113d6a606.php:33)
[stacktrace]
#0 D:/projects/php8/todo-app/vendor/_laravel_ide/discover-f5442aeac73a6a9021bd7ce113d6a606.php(62): LaravelVsCode::startupError(Object(ParseError))
#1 {main}
"} 
[2026-07-03 13:43:50] production.ERROR: __VSCODE_LARAVEL_STARTUP_ERROR__: syntax error, unexpected token "<<", expecting end of file {"exception":"[object] (Error(code: 0): __VSCODE_LARAVEL_STARTUP_ERROR__: syntax error, unexpected token \"<<\", expecting end of file at D:/projects/php8/todo-app/vendor/_laravel_ide/discover-7563160ca998bde672640aa1e68dfd08.php:33)
[stacktrace]
#0 D:/projects/php8/todo-app/vendor/_laravel_ide/discover-7563160ca998bde672640aa1e68dfd08.php(62): LaravelVsCode::startupError(Object(ParseError))
#1 {main}
"} 
[2026-07-03 13:43:51] production.ERROR: __VSCODE_LARAVEL_STARTUP_ERROR__: syntax error, unexpected token "<<", expecting end of file {"exception":"[object] (Error(code: 0): __VSCODE_LARAVEL_STARTUP_ERROR__: syntax error, unexpected token \"<<\", expecting end of file at D:/projects/php8/todo-app/vendor/_laravel_ide/discover-5c3cbe5e47b16e6c5fd1967f09c399da.php:33)
[stacktrace]
#0 D:/projects/php8/todo-app/vendor/_laravel_ide/discover-5c3cbe5e47b16e6c5fd1967f09c399da.php(62): LaravelVsCode::startupError(Object(ParseError))
#1 {main}
"} 
[2026-07-03 13:43:51] production.ERROR: __VSCODE_LARAVEL_STARTUP_ERROR__: syntax error, unexpected token "<<", expecting end of file {"exception":"[object] (Error(code: 0): __VSCODE_LARAVEL_STARTUP_ERROR__: syntax error, unexpected token \"<<\", expecting end of file at D:/projects/php8/todo-app/vendor/_laravel_ide/discover-43419e1773d5590e98dcbfc1b7903297.php:33)
[stacktrace]
#0 D:/projects/php8/todo-app/vendor/_laravel_ide/discover-43419e1773d5590e98dcbfc1b7903297.php(62): LaravelVsCode::startupError(Object(ParseError))
#1 {main}
"} 
[2026-07-03 13:43:51] production.ERROR: __VSCODE_LARAVEL_STARTUP_ERROR__: syntax error, unexpected token "<<", expecting end of file {"exception":"[object] (Error(code: 0): __VSCODE_LARAVEL_STARTUP_ERROR__: syntax error, unexpected token \"<<\", expecting end of file at D:/projects/php8/todo-app/vendor/_laravel_ide/discover-f5442aeac73a6a9021bd7ce113d6a606.php:33)
[stacktrace]
#0 D:/projects/php8/todo-app/vendor/_laravel_ide/discover-f5442aeac73a6a9021bd7ce113d6a606.php(62): LaravelVsCode::startupError(Object(ParseError))
#1 {main}
"} 
[2026-07-03 13:43:51] production.ERROR: __VSCODE_LARAVEL_STARTUP_ERROR__: syntax error, unexpected token "<<", expecting end of file {"exception":"[object] (Error(code: 0): __VSCODE_LARAVEL_STARTUP_ERROR__: syntax error, unexpected token \"<<\", expecting end of file at D:/projects/php8/todo-app/vendor/_laravel_ide/discover-6d96201ad95cad12367117063c707ebf.php:33)
[stacktrace]
#0 D:/projects/php8/todo-app/vendor/_laravel_ide/discover-6d96201ad95cad12367117063c707ebf.php(62): LaravelVsCode::startupError(Object(ParseError))
#1 {main}
"} 
[2026-07-03 13:43:52] production.ERROR: __VSCODE_LARAVEL_STARTUP_ERROR__: syntax error, unexpected token "<<", expecting end of file {"exception":"[object] (Error(code: 0): __VSCODE_LARAVEL_STARTUP_ERROR__: syntax error, unexpected token \"<<\", expecting end of file at D:/projects/php8/todo-app/vendor/_laravel_ide/discover-80bc781b69500326630e3fef7a4fdfeb.php:33)
[stacktrace]
#0 D:/projects/php8/todo-app/vendor/_laravel_ide/discover-80bc781b69500326630e3fef7a4fdfeb.php(62): LaravelVsCode::startupError(Object(ParseError))
#1 {main}
"} 
[2026-07-03 13:43:52] production.ERROR: syntax error, unexpected token "<<", expecting end of file {"exception":"[object] (ParseError(code: 0): syntax error, unexpected token \"<<\", expecting end of file at D:/projects/php8/todo-app/app/Providers/AppServiceProvider.php:6)
[stacktrace]
#0 D:/projects/php8/todo-app/vendor/composer/ClassLoader.php(427): {closure:Composer/Autoload/ClassLoader::initializeIncludeClosure():575}('D://projects//php...')
#1 [internal function]: Composer/Autoload/ClassLoader->loadClass('App//Providers//A...')
#2 D:/projects/php8/todo-app/vendor/laravel/framework/src/Illuminate/Foundation/Bootstrap/RegisterProviders.php(52): class_exists('App//Providers//A...')
#3 D:/projects/php8/todo-app/vendor/laravel/framework/src/Illuminate/Foundation/Bootstrap/RegisterProviders.php(34): Illuminate/Foundation/Bootstrap/RegisterProviders->mergeAdditionalProviders(Object(Illuminate/Foundation/Application))
#4 D:/projects/php8/todo-app/vendor/laravel/framework/src/Illuminate/Foundation/Application.php(342): Illuminate/Foundation/Bootstrap/RegisterProviders->bootstrap(Object(Illuminate/Foundation/Application))
#5 D:/projects/php8/todo-app/vendor/laravel/framework/src/Illuminate/Foundation/Console/Kernel.php(494): Illuminate/Foundation/Application->bootstrapWith(Array)
#6 D:/projects/php8/todo-app/vendor/laravel/framework/src/Illuminate/Foundation/Console/Kernel.php(196): Illuminate/Foundation/Console/Kernel->bootstrap()
#7 D:/projects/php8/todo-app/vendor/laravel/framework/src/Illuminate/Foundation/Application.php(1235): Illuminate/Foundation/Console/Kernel->handle(Object(Symfony/Component/Console/Input/ArgvInput), Object(Symfony/Component/Console/Output/ConsoleOutput))
#8 D:/projects/php8/todo-app/artisan(16): Illuminate/Foundation/Application->handleCommand(Object(Symfony/Component/Console/Input/ArgvInput))
#9 {main}
"} 
[2026-07-03 13:44:16] production.ERROR: syntax error, unexpected token "<<", expecting end of file {"exception":"[object] (ParseError(code: 0): syntax error, unexpected token \"<<\", expecting end of file at D:/projects/php8/todo-app/app/Providers/AppServiceProvider.php:6)
[stacktrace]
#0 D:/projects/php8/todo-app/vendor/composer/ClassLoader.php(427): {closure:Composer/Autoload/ClassLoader::initializeIncludeClosure():575}('D://projects//php...')
#1 [internal function]: Composer/Autoload/ClassLoader->loadClass('App//Providers//A...')
#2 D:/projects/php8/todo-app/vendor/laravel/framework/src/Illuminate/Foundation/Bootstrap/RegisterProviders.php(52): class_exists('App//Providers//A...')
#3 D:/projects/php8/todo-app/vendor/laravel/framework/src/Illuminate/Foundation/Bootstrap/RegisterProviders.php(34): Illuminate/Foundation/Bootstrap/RegisterProviders->mergeAdditionalProviders(Object(Illuminate/Foundation/Application))
#4 D:/projects/php8/todo-app/vendor/laravel/framework/src/Illuminate/Foundation/Application.php(342): Illuminate/Foundation/Bootstrap/RegisterProviders->bootstrap(Object(Illuminate/Foundation/Application))
#5 D:/projects/php8/todo-app/vendor/laravel/framework/src/Illuminate/Foundation/Console/Kernel.php(494): Illuminate/Foundation/Application->bootstrapWith(Array)
#6 D:/projects/php8/todo-app/vendor/laravel/framework/src/Illuminate/Foundation/Console/Kernel.php(196): Illuminate/Foundation/Console/Kernel->bootstrap()
#7 D:/projects/php8/todo-app/vendor/laravel/framework/src/Illuminate/Foundation/Application.php(1235): Illuminate/Foundation/Console/Kernel->handle(Object(Symfony/Component/Console/Input/ArgvInput), Object(Symfony/Component/Console/Output/ConsoleOutput))
#8 D:/projects/php8/todo-app/artisan(16): Illuminate/Foundation/Application->handleCommand(Object(Symfony/Component/Console/Input/ArgvInput))
#9 {main}
"} 
